<?xml version="1.0" encoding="UTF-8"?>
<!-- Generated by org.testng.reporters.JUnitXMLReporter -->
<testsuite ignored="0" hostname="DELL-3400" failures="3" tests="6" name="ContactPage Test Cases" time="46.795" errors="0" timestamp="2024-09-15T21:45:13 IST">
  <testcase classname="com.qa.tests.TC_ContactPageTest" name="verifyEmailIDTest" time="5.009"/>
  <testcase classname="com.qa.tests.TC_ContactPageTest" name="verifyEmailIDTest" time="5.636"/>
  <testcase classname="com.qa.tests.TC_ContactPageTest" name="verifyEmailIDTest" time="5.433"/>
  <testcase classname="com.qa.tests.TC_ContactPageTest" name="verifyEmailIDTest" time="8.937">
    <failure type="java.lang.AssertionError" message="The following asserts failed:
	Invalid Email expected [true] but found [false]">
      <![CDATA[java.lang.AssertionError: The following asserts failed:
Invalid Email expected [true] but found [false]
at com.qa.tests.TC_ContactPageTest.verifyEmailIDTest(TC_ContactPageTest.java:33)
at java.base/java.util.ArrayList.forEach(ArrayList.java:1511)
... Removed 29 stack frames]]>
    </failure>
  </testcase> <!-- verifyEmailIDTest -->
  <testcase classname="com.qa.tests.TC_ContactPageTest" name="verifyEmailIDTest" time="8.919">
    <failure type="java.lang.AssertionError" message="The following asserts failed:
	Invalid Email expected [true] but found [false],
	Invalid Email expected [true] but found [false]">
      <![CDATA[java.lang.AssertionError: The following asserts failed:
Invalid Email expected [true] but found [false],
Invalid Email expected [true] but found [false]
at com.qa.tests.TC_ContactPageTest.verifyEmailIDTest(TC_ContactPageTest.java:33)
at java.base/java.util.ArrayList.forEach(ArrayList.java:1511)
... Removed 29 stack frames]]>
    </failure>
  </testcase> <!-- verifyEmailIDTest -->
  <testcase classname="com.qa.tests.TC_ContactPageTest" name="verifyEmailIDTest" time="8.898">
    <failure type="java.lang.AssertionError" message="The following asserts failed:
	Invalid Email expected [true] but found [false],
	Invalid Email expected [true] but found [false],
	Invalid Email expected [true] but found [false]">
      <![CDATA[java.lang.AssertionError: The following asserts failed:
Invalid Email expected [true] but found [false],
Invalid Email expected [true] but found [false],
Invalid Email expected [true] but found [false]
at com.qa.tests.TC_ContactPageTest.verifyEmailIDTest(TC_ContactPageTest.java:33)
at java.base/java.util.ArrayList.forEach(ArrayList.java:1511)
... Removed 29 stack frames]]>
    </failure>
  </testcase> <!-- verifyEmailIDTest -->
</testsuite> <!-- ContactPage Test Cases -->
